<?xml version="1.0" encoding="UTF-8"?>
<!-- Generated by org.testng.reporters.JUnitReportReporter -->
<testsuite hostname="DESKTOP-1NATKDF" failures="0" tests="1" name="E2E_Test" time="25.740" errors="0" timestamp="2025-10-03T15:43:09 EEST" skipped="0">
  <testcase classname="E2E_Test" name="E2E_AutomationScenario" time="25.740"/>
</testsuite> <!-- E2E_Test -->
